<?xml version="1.0" encoding="UTF-8"?>
<testng-results skipped="0" failed="0" ignored="0" total="1" passed="1">
  <reporter-output>
  </reporter-output>
  <suite name="Default suite" duration-ms="56384" started-at="2020-04-02T17:21:38Z" finished-at="2020-04-02T17:22:35Z">
    <groups>
      <group name="cucumber">
        <method signature="TestRunner.feature(cucumber.api.testng.CucumberFeatureWrapper)[pri:0, instance:MyRunner.TestRunner@1ee9989]" name="feature" class="MyRunner.TestRunner"/>
      </group> <!-- cucumber -->
    </groups>
    <test name="Default test" duration-ms="56384" started-at="2020-04-02T17:21:38Z" finished-at="2020-04-02T17:22:35Z">
      <class name="MyRunner.TestRunner">
        <test-method status="PASS" signature="setUpClass()[pri:0, instance:MyRunner.TestRunner@1ee9989]" name="setUpClass" is-config="true" duration-ms="318" started-at="2020-04-02T17:21:39Z" finished-at="2020-04-02T17:21:39Z">
          <reporter-output>
          </reporter-output>
        </test-method> <!-- setUpClass -->
        <test-method status="PASS" signature="feature(cucumber.api.testng.CucumberFeatureWrapper)[pri:0, instance:MyRunner.TestRunner@1ee9989]" name="feature" duration-ms="36587" started-at="2020-04-02T17:21:39Z" description="Runs Cucumber Feature" data-provider="features" finished-at="2020-04-02T17:22:16Z">
          <params>
            <param index="0">
              <value>
                <![CDATA[Facebook scenario]]>
              </value>
            </param>
          </params>
          <reporter-output>
          </reporter-output>
        </test-method> <!-- feature -->
        <test-method status="PASS" signature="tearDownClass()[pri:0, instance:MyRunner.TestRunner@1ee9989]" name="tearDownClass" is-config="true" duration-ms="19138" started-at="2020-04-02T17:22:16Z" finished-at="2020-04-02T17:22:35Z">
          <reporter-output>
          </reporter-output>
        </test-method> <!-- tearDownClass -->
      </class> <!-- MyRunner.TestRunner -->
    </test> <!-- Default test -->
  </suite> <!-- Default suite -->
</testng-results>
